# JRE version: Java(TM) SE Runtime Environment (22.0.2+9) (build 22.0.2+9-70)
# Java VM: Java HotSpot(TM) 64-Bit Server VM (22.0.2+9-70, mixed mode, sharing, tiered, compressed oops, compressed class ptrs, g1 gc, bsd-aarch64)
Heap:
 garbage-first heap   total reserved 8388608K, committed 528384K, used 41653K [0x0000000600000000, 0x0000000800000000)
  region size 4096K, 10 young (40960K), 1 survivors (4096K)
 Metaspace       used 9465K, committed 9728K, reserved 1114112K
  class space    used 956K, committed 1088K, reserved 1048576K
GC Heap History (6 events):
Event: 1.926 GC heap before
{Heap before GC invocations=0 (full 0):
 garbage-first heap   total reserved 8388608K, committed 528384K, used 25617K [0x0000000600000000, 0x0000000800000000)
  region size 4096K, 6 young (24576K), 0 survivors (0K)
 Metaspace       used 8858K, committed 9024K, reserved 1114112K
  class space    used 941K, committed 1024K, reserved 1048576K
}
Event: 1.928 GC heap after
{Heap after GC invocations=1 (full 0):
 garbage-first heap   total reserved 8388608K, committed 528384K, used 4497K [0x0000000600000000, 0x0000000800000000)
  region size 4096K, 1 young (4096K), 1 survivors (4096K)
 Metaspace       used 8858K, committed 9024K, reserved 1114112K
  class space    used 941K, committed 1024K, reserved 1048576K
}
Event: 34.286 GC heap before
{Heap before GC invocations=1 (full 0):
 garbage-first heap   total reserved 8388608K, committed 528384K, used 45457K [0x0000000600000000, 0x0000000800000000)
  region size 4096K, 11 young (45056K), 1 survivors (4096K)
 Metaspace       used 9463K, committed 9728K, reserved 1114112K
  class space    used 956K, committed 1088K, reserved 1048576K
}
Event: 34.289 GC heap after
{Heap after GC invocations=2 (full 0):
 garbage-first heap   total reserved 8388608K, committed 528384K, used 4821K [0x0000000600000000, 0x0000000800000000)
  region size 4096K, 1 young (4096K), 1 survivors (4096K)
 Metaspace       used 9463K, committed 9728K, reserved 1114112K
  class space    used 956K, committed 1088K, reserved 1048576K
}
Event: 192.556 GC heap before
{Heap before GC invocations=2 (full 0):
 garbage-first heap   total reserved 8388608K, committed 528384K, used 164565K [0x0000000600000000, 0x0000000800000000)
  region size 4096K, 40 young (163840K), 1 survivors (4096K)
 Metaspace       used 9465K, committed 9728K, reserved 1114112K
  class space    used 956K, committed 1088K, reserved 1048576K
}
Event: 192.564 GC heap after
{Heap after GC invocations=3 (full 0):
 garbage-first heap   total reserved 8388608K, committed 528384K, used 4789K [0x0000000600000000, 0x0000000800000000)
  region size 4096K, 1 young (4096K), 1 survivors (4096K)
 Metaspace       used 9465K, committed 9728K, reserved 1114112K
  class space    used 956K, committed 1088K, reserved 1048576K
}

